<?xml version="1.0" encoding="UTF-8"?>
<!-- Generated by org.testng.reporters.JUnitXMLReporter -->
<testsuite hostname="mypc" ignored="0" name="Banking App test" tests="1" failures="1" timestamp="15 May 2021 06:12:42 GMT" time="34.475" errors="0">
  <testcase name="addNewcustomer" time="12.027" classname="com.inetBanking.testCases.TC_AddCustomer_003">
    <failure type="java.lang.AssertionError" message="expected [true] but found [false]">
      <![CDATA[java.lang.AssertionError: expected [true] but found [false]
at com.inetBanking.testCases.TC_AddCustomer_003.addNewcustomer(TC_AddCustomer_003.java:60)
... Removed 29 stack frames]]>
    </failure>
  </testcase> <!-- addNewcustomer -->
</testsuite> <!-- Banking App test -->
